Arguments: 
  C:\dev\node\node-v14.18.3-win-x64\node.exe C:\dev\node\node-v14.18.3-win-x64\node_modules\yarn\bin\yarn.js add --dev ethereum-waffle

PATH: 
  C:\WINDOWS\system32;C:\WINDOWS;C:\WINDOWS\System32\Wbem;C:\WINDOWS\System32\WindowsPowerShell\v1.0\;C:\WINDOWS\System32\OpenSSH\;C:\Program Files (x86)\Verint\Playback\;C:\Program Files (x86)\Sennheiser\SenncomSDK\;C:\Program Files (x86)\Enterprise Vault\EVClient\x64\;C:\Program Files\Git\cmd;C:\Program Files (x86)\GitExtensions\;C:\Program Files\PuTTY\;C:\Program Files\dotnet\;C:\Users\ga2remo\AppData\Local\Microsoft\WindowsApps;C:\dev\maven\maven-3.6.3\bin;C:\dev\node\node-v14.18.3-win-x64;C:\dev\code\bin;C:\dev\java\jdk1.8.0_131\bin;C:\dev\phantomjs\phantomjs-2.1.1-windows\bin;

Yarn version: 
  1.22.17

Node version: 
  14.18.3

Platform: 
  win32 x64

Trace: 
  Error: unable to get local issuer certificate
      at TLSSocket.onConnectSecure (_tls_wrap.js:1515:34)
      at TLSSocket.emit (events.js:400:28)
      at TLSSocket._finishInit (_tls_wrap.js:937:8)
      at TLSWrap.ssl.onhandshakedone (_tls_wrap.js:709:12)

npm manifest: 
  {
    "name": "smart_contract",
    "version": "1.0.0",
    "description": "",
    "main": "index.js",
    "scripts": {
      "test": "echo \"Error: no test specified\" && exit 1"
    },
    "keywords": [],
    "author": "",
    "license": "ISC",
    "devDependencies": {
      "@nomiclabs/hardhat-ethers": "^2.0.5",
      "@nomiclabs/hardhat-waffle": "^2.0.3",
      "chai": "^4.3.6",
      "ethers": "^5.6.0",
      "hardhat": "^2.9.1"
    }
  }

yarn manifest: 
  No manifest

Lockfile: 
  No lockfile
